<?xml version="1.0" encoding="UTF-8"?>
<coverage generated="1676584758388" clover="3.2.0">
  <project timestamp="1676584758388" name="All files">
    <metrics statements="21" coveredstatements="20" conditionals="16" coveredconditionals="15" methods="4" coveredmethods="4" elements="41" coveredelements="39" complexity="0" loc="21" ncloc="21" packages="1" files="1" classes="1"/>
    <file name="index.js" path="/Users/Nikolay/frontend-project-46/src/index.js">
      <metrics statements="21" coveredstatements="20" conditionals="16" coveredconditionals="15" methods="4" coveredmethods="4"/>
      <line num="5" count="1" type="stmt"/>
      <line num="6" count="1" type="stmt"/>
      <line num="7" count="1" type="stmt"/>
      <line num="8" count="1" type="stmt"/>
      <line num="9" count="1" type="stmt"/>
      <line num="10" count="5" type="cond" truecount="4" falsecount="0"/>
      <line num="11" count="2" type="stmt"/>
      <line num="13" count="3" type="cond" truecount="4" falsecount="0"/>
      <line num="14" count="1" type="stmt"/>
      <line num="16" count="2" type="cond" truecount="4" falsecount="0"/>
      <line num="17" count="1" type="stmt"/>
      <line num="19" count="1" type="cond" truecount="3" falsecount="1"/>
      <line num="20" count="1" type="stmt"/>
      <line num="22" count="0" type="stmt"/>
      <line num="24" count="8" type="stmt"/>
      <line num="25" count="1" type="stmt"/>
      <line num="29" count="1" type="stmt"/>
      <line num="30" count="1" type="stmt"/>
      <line num="32" count="1" type="stmt"/>
      <line num="33" count="1" type="stmt"/>
      <line num="35" count="1" type="stmt"/>
    </file>
  </project>
</coverage>
