TN:
SF:src/index.js
FN:5,(anonymous_0)
FN:9,(anonymous_1)
FN:24,(anonymous_2)
FN:28,(anonymous_3)
FNF:4
FNH:4
FNDA:1,(anonymous_0)
FNDA:5,(anonymous_1)
FNDA:8,(anonymous_2)
FNDA:1,(anonymous_3)
DA:5,1
DA:6,1
DA:7,1
DA:8,1
DA:9,1
DA:10,5
DA:11,2
DA:13,3
DA:14,1
DA:16,2
DA:17,1
DA:19,1
DA:20,1
DA:22,0
DA:24,8
DA:25,1
DA:29,1
DA:30,1
DA:32,1
DA:33,1
DA:35,1
LF:21
LH:20
BRDA:10,0,0,2
BRDA:10,0,1,3
BRDA:10,1,0,5
BRDA:10,1,1,4
BRDA:13,2,0,1
BRDA:13,2,1,2
BRDA:13,3,0,3
BRDA:13,3,1,2
BRDA:16,4,0,1
BRDA:16,4,1,1
BRDA:16,5,0,2
BRDA:16,5,1,1
BRDA:19,6,0,1
BRDA:19,6,1,0
BRDA:19,7,0,1
BRDA:19,7,1,1
BRF:16
BRH:15
end_of_record
